<?xml version="1.0" encoding="UTF-8"?>
<testsuite name="DaedalusSolverTest" tests="19" skipped="0" failures="1" errors="0" timestamp="2022-02-04T07:53:55" hostname="LAPTOP-8G07615O" time="0.308">
  <properties/>
  <testcase name="testRandomMaze1()" classname="DaedalusSolverTest" time="0.075"/>
  <testcase name="testBrokenMazeShouldThrowException()" classname="DaedalusSolverTest" time="0.011">
    <failure message="org.opentest4j.AssertionFailedError: Unexpected exception type thrown ==&gt; expected: &lt;java.lang.IllegalArgumentException&gt; but was: &lt;java.lang.IndexOutOfBoundsException&gt;" type="org.opentest4j.AssertionFailedError">org.opentest4j.AssertionFailedError: Unexpected exception type thrown ==&gt; expected: &lt;java.lang.IllegalArgumentException&gt; but was: &lt;java.lang.IndexOutOfBoundsException&gt;
	at app//org.junit.jupiter.api.AssertThrows.assertThrows(AssertThrows.java:65)
	at app//org.junit.jupiter.api.AssertThrows.assertThrows(AssertThrows.java:37)
	at app//org.junit.jupiter.api.Assertions.assertThrows(Assertions.java:3082)
	at app//DaedalusSolverTest.testBrokenMazeShouldThrowException(DaedalusSolverTest.java:287)
	at java.base@17.0.2/jdk.internal.reflect.NativeMethodAccessorImpl.invoke0(Native Method)
	at java.base@17.0.2/jdk.internal.reflect.NativeMethodAccessorImpl.invoke(NativeMethodAccessorImpl.java:77)
	at java.base@17.0.2/jdk.internal.reflect.DelegatingMethodAccessorImpl.invoke(DelegatingMethodAccessorImpl.java:43)
	at java.base@17.0.2/java.lang.reflect.Method.invoke(Method.java:568)
	at app//org.junit.platform.commons.util.ReflectionUtils.invokeMethod(ReflectionUtils.java:725)
	at app//org.junit.jupiter.engine.execution.MethodInvocation.proceed(MethodInvocation.java:60)
	at app//org.junit.jupiter.engine.execution.InvocationInterceptorChain$ValidatingInvocation.proceed(InvocationInterceptorChain.java:131)
	at app//org.junit.jupiter.engine.extension.TimeoutExtension.intercept(TimeoutExtension.java:149)
	at app//org.junit.jupiter.engine.extension.TimeoutExtension.interceptTestableMethod(TimeoutExtension.java:140)
	at app//org.junit.jupiter.engine.extension.TimeoutExtension.interceptTestMethod(TimeoutExtension.java:84)
	at app//org.junit.jupiter.engine.execution.ExecutableInvoker$ReflectiveInterceptorCall.lambda$ofVoidMethod$0(ExecutableInvoker.java:115)
	at app//org.junit.jupiter.engine.execution.ExecutableInvoker.lambda$invoke$0(ExecutableInvoker.java:105)
	at app//org.junit.jupiter.engine.execution.InvocationInterceptorChain$InterceptedInvocation.proceed(InvocationInterceptorChain.java:106)
	at app//org.junit.jupiter.engine.execution.InvocationInterceptorChain.proceed(InvocationInterceptorChain.java:64)
	at app//org.junit.jupiter.engine.execution.InvocationInterceptorChain.chainAndInvoke(InvocationInterceptorChain.java:45)
	at app//org.junit.jupiter.engine.execution.InvocationInterceptorChain.invoke(InvocationInterceptorChain.java:37)
	at app//org.junit.jupiter.engine.execution.ExecutableInvoker.invoke(ExecutableInvoker.java:104)
	at app//org.junit.jupiter.engine.execution.ExecutableInvoker.invoke(ExecutableInvoker.java:98)
	at app//org.junit.jupiter.engine.descriptor.TestMethodTestDescriptor.lambda$invokeTestMethod$7(TestMethodTestDescriptor.java:214)
	at app//org.junit.platform.engine.support.hierarchical.ThrowableCollector.execute(ThrowableCollector.java:73)
	at app//org.junit.jupiter.engine.descriptor.TestMethodTestDescriptor.invokeTestMethod(TestMethodTestDescriptor.java:210)
	at app//org.junit.jupiter.engine.descriptor.TestMethodTestDescriptor.execute(TestMethodTestDescriptor.java:135)
	at app//org.junit.jupiter.engine.descriptor.TestMethodTestDescriptor.execute(TestMethodTestDescriptor.java:66)
	at app//org.junit.platform.engine.support.hierarchical.NodeTestTask.lambda$executeRecursively$6(NodeTestTask.java:151)
	at app//org.junit.platform.engine.support.hierarchical.ThrowableCollector.execute(ThrowableCollector.java:73)
	at app//org.junit.platform.engine.support.hierarchical.NodeTestTask.lambda$executeRecursively$8(NodeTestTask.java:141)
	at app//org.junit.platform.engine.support.hierarchical.Node.around(Node.java:137)
	at app//org.junit.platform.engine.support.hierarchical.NodeTestTask.lambda$executeRecursively$9(NodeTestTask.java:139)
	at app//org.junit.platform.engine.support.hierarchical.ThrowableCollector.execute(ThrowableCollector.java:73)
	at app//org.junit.platform.engine.support.hierarchical.NodeTestTask.executeRecursively(NodeTestTask.java:138)
	at app//org.junit.platform.engine.support.hierarchical.NodeTestTask.execute(NodeTestTask.java:95)
	at java.base@17.0.2/java.util.ArrayList.forEach(ArrayList.java:1511)
	at app//org.junit.platform.engine.support.hierarchical.SameThreadHierarchicalTestExecutorService.invokeAll(SameThreadHierarchicalTestExecutorService.java:41)
	at app//org.junit.platform.engine.support.hierarchical.NodeTestTask.lambda$executeRecursively$6(NodeTestTask.java:155)
	at app//org.junit.platform.engine.support.hierarchical.ThrowableCollector.execute(ThrowableCollector.java:73)
	at app//org.junit.platform.engine.support.hierarchical.NodeTestTask.lambda$executeRecursively$8(NodeTestTask.java:141)
	at app//org.junit.platform.engine.support.hierarchical.Node.around(Node.java:137)
	at app//org.junit.platform.engine.support.hierarchical.NodeTestTask.lambda$executeRecursively$9(NodeTestTask.java:139)
	at app//org.junit.platform.engine.support.hierarchical.ThrowableCollector.execute(ThrowableCollector.java:73)
	at app//org.junit.platform.engine.support.hierarchical.NodeTestTask.executeRecursively(NodeTestTask.java:138)
	at app//org.junit.platform.engine.support.hierarchical.NodeTestTask.execute(NodeTestTask.java:95)
	at java.base@17.0.2/java.util.ArrayList.forEach(ArrayList.java:1511)
	at app//org.junit.platform.engine.support.hierarchical.SameThreadHierarchicalTestExecutorService.invokeAll(SameThreadHierarchicalTestExecutorService.java:41)
	at app//org.junit.platform.engine.support.hierarchical.NodeTestTask.lambda$executeRecursively$6(NodeTestTask.java:155)
	at app//org.junit.platform.engine.support.hierarchical.ThrowableCollector.execute(ThrowableCollector.java:73)
	at app//org.junit.platform.engine.support.hierarchical.NodeTestTask.lambda$executeRecursively$8(NodeTestTask.java:141)
	at app//org.junit.platform.engine.support.hierarchical.Node.around(Node.java:137)
	at app//org.junit.platform.engine.support.hierarchical.NodeTestTask.lambda$executeRecursively$9(NodeTestTask.java:139)
	at app//org.junit.platform.engine.support.hierarchical.ThrowableCollector.execute(ThrowableCollector.java:73)
	at app//org.junit.platform.engine.support.hierarchical.NodeTestTask.executeRecursively(NodeTestTask.java:138)
	at app//org.junit.platform.engine.support.hierarchical.NodeTestTask.execute(NodeTestTask.java:95)
	at app//org.junit.platform.engine.support.hierarchical.SameThreadHierarchicalTestExecutorService.submit(SameThreadHierarchicalTestExecutorService.java:35)
	at app//org.junit.platform.engine.support.hierarchical.HierarchicalTestExecutor.execute(HierarchicalTestExecutor.java:57)
	at app//org.junit.platform.engine.support.hierarchical.HierarchicalTestEngine.execute(HierarchicalTestEngine.java:54)
	at org.junit.platform.launcher.core.EngineExecutionOrchestrator.execute(EngineExecutionOrchestrator.java:108)
	at org.junit.platform.launcher.core.EngineExecutionOrchestrator.execute(EngineExecutionOrchestrator.java:88)
	at org.junit.platform.launcher.core.EngineExecutionOrchestrator.lambda$execute$0(EngineExecutionOrchestrator.java:54)
	at org.junit.platform.launcher.core.EngineExecutionOrchestrator.withInterceptedStreams(EngineExecutionOrchestrator.java:67)
	at org.junit.platform.launcher.core.EngineExecutionOrchestrator.execute(EngineExecutionOrchestrator.java:52)
	at org.junit.platform.launcher.core.DefaultLauncher.execute(DefaultLauncher.java:96)
	at org.junit.platform.launcher.core.DefaultLauncher.execute(DefaultLauncher.java:75)
	at org.gradle.api.internal.tasks.testing.junitplatform.JUnitPlatformTestClassProcessor$CollectAllTestClassesExecutor.processAllTestClasses(JUnitPlatformTestClassProcessor.java:99)
	at org.gradle.api.internal.tasks.testing.junitplatform.JUnitPlatformTestClassProcessor$CollectAllTestClassesExecutor.access$000(JUnitPlatformTestClassProcessor.java:79)
	at org.gradle.api.internal.tasks.testing.junitplatform.JUnitPlatformTestClassProcessor.stop(JUnitPlatformTestClassProcessor.java:75)
	at org.gradle.api.internal.tasks.testing.SuiteTestClassProcessor.stop(SuiteTestClassProcessor.java:61)
	at java.base@17.0.2/jdk.internal.reflect.NativeMethodAccessorImpl.invoke0(Native Method)
	at java.base@17.0.2/jdk.internal.reflect.NativeMethodAccessorImpl.invoke(NativeMethodAccessorImpl.java:77)
	at java.base@17.0.2/jdk.internal.reflect.DelegatingMethodAccessorImpl.invoke(DelegatingMethodAccessorImpl.java:43)
	at java.base@17.0.2/java.lang.reflect.Method.invoke(Method.java:568)
	at org.gradle.internal.dispatch.ReflectionDispatch.dispatch(ReflectionDispatch.java:36)
	at org.gradle.internal.dispatch.ReflectionDispatch.dispatch(ReflectionDispatch.java:24)
	at org.gradle.internal.dispatch.ContextClassLoaderDispatch.dispatch(ContextClassLoaderDispatch.java:33)
	at org.gradle.internal.dispatch.ProxyDispatchAdapter$DispatchingInvocationHandler.invoke(ProxyDispatchAdapter.java:94)
	at jdk.proxy1/jdk.proxy1.$Proxy2.stop(Unknown Source)
	at org.gradle.api.internal.tasks.testing.worker.TestWorker$3.run(TestWorker.java:193)
	at org.gradle.api.internal.tasks.testing.worker.TestWorker.executeAndMaintainThreadName(TestWorker.java:129)
	at org.gradle.api.internal.tasks.testing.worker.TestWorker.execute(TestWorker.java:100)
	at org.gradle.api.internal.tasks.testing.worker.TestWorker.execute(TestWorker.java:60)
	at org.gradle.process.internal.worker.child.ActionExecutionWorker.execute(ActionExecutionWorker.java:56)
	at org.gradle.process.internal.worker.child.SystemApplicationClassLoaderWorker.call(SystemApplicationClassLoaderWorker.java:133)
	at org.gradle.process.internal.worker.child.SystemApplicationClassLoaderWorker.call(SystemApplicationClassLoaderWorker.java:71)
	at app//worker.org.gradle.process.internal.worker.GradleWorkerMain.run(GradleWorkerMain.java:69)
	at app//worker.org.gradle.process.internal.worker.GradleWorkerMain.main(GradleWorkerMain.java:74)
Caused by: java.lang.IndexOutOfBoundsException: Index 0 out of bounds for length 0
	at java.base/jdk.internal.util.Preconditions.outOfBounds(Preconditions.java:64)
	at java.base/jdk.internal.util.Preconditions.outOfBoundsCheckIndex(Preconditions.java:70)
	at java.base/jdk.internal.util.Preconditions.checkIndex(Preconditions.java:266)
	at java.base/java.util.Objects.checkIndex(Objects.java:359)
	at java.base/java.util.ArrayList.get(ArrayList.java:427)
	at DaedalusSolver.pickDoor(DaedalusSolver.java:105)
	at DaedalusSolver.solve(DaedalusSolver.java:58)
	at DaedalusSolverTest.lambda$testBrokenMazeShouldThrowException$0(DaedalusSolverTest.java:288)
	at org.junit.jupiter.api.AssertThrows.assertThrows(AssertThrows.java:55)
	... 86 more
</failure>
  </testcase>
  <testcase name="TestNumber: 1, Test Description: starting cell at centre with 3 branches" classname="DaedalusSolverTest" time="0.046"/>
  <testcase name="TestNumber: 2, Test Description: straight line maze" classname="DaedalusSolverTest" time="0.003"/>
  <testcase name="TestNumber: 3, Test Description: cycle maze" classname="DaedalusSolverTest" time="0.002"/>
  <testcase name="TestNumber: 4, Test Description: starting centre with two prongs" classname="DaedalusSolverTest" time="0.002"/>
  <testcase name="TestNumber: 5, Test Description: special item in first cell" classname="DaedalusSolverTest" time="0.001"/>
  <testcase name="TestNumber: 6, Test Description: random grid maze" classname="DaedalusSolverTest" time="0.006"/>
  <testcase name="TestNumber: 7, Test Description: another random grid maze" classname="DaedalusSolverTest" time="0.003"/>
  <testcase name="TestNumber: 8, Test Description: random complex maze" classname="DaedalusSolverTest" time="0.003"/>
  <testcase name="TestNumber: 9, Test Description: another random complex maze" classname="DaedalusSolverTest" time="0.002"/>
  <testcase name="testMazeWithLotsOfMinotaursThrows()" classname="DaedalusSolverTest" time="0.004"/>
  <testcase name="testRandomComplexMaze1()" classname="DaedalusSolverTest" time="0.005"/>
  <testcase name="testMazeMissing1ItemShouldThrowException()" classname="DaedalusSolverTest" time="0.005"/>
  <testcase name="testCustomMaze1()" classname="DaedalusSolverTest" time="0.005"/>
  <testcase name="testCustomMaze2()" classname="DaedalusSolverTest" time="0.002"/>
  <testcase name="testCustomMaze3()" classname="DaedalusSolverTest" time="0.001"/>
  <testcase name="testCustomMaze4()" classname="DaedalusSolverTest" time="0.003"/>
  <testcase name="testCustomMaze5()" classname="DaedalusSolverTest" time="0.003"/>
  <system-out><![CDATA[Trying to navigate the maze through the following doors:
BYBGBRGGBYBYRGRRGRGBYBYBYBYGRGRGBYBYRGBYBYBYRYRRYBBYGGRGRRGYBGBRGGBYRBYRGGBYRGRGRGRRGYBRGRGGBYBYRGRGBYBYRBYBYRGGRBYRGYBYRYBRGYBYBRGGRRGGYGRBYBYGBYRBRYBGRYBYBGYBRGRRBYGRGGBGBYBYBYBYRRGBYGRGRRGRGRGBYYYBYGRGRGRGBYBYBYRGBYRBYBYBYBBGRBYGBYBYBYBYRGBYBYBYBYRBYGBYRYBBYRGRGBYGRGRYBRGRGYYGBYRBRYBYBGYGRBYGBYRBYBBRGGBYBYBYRYYBBGRGRBYBYGBYRGBYRYRYBGRGBRGRGYYBYBYBYGRBBRGGRBYGBYBYRBYGRGRGRRGBYYYGBYRBRGYGRGBYBYRBRGBGBYBYBYBYRYRRYBBYYBBBGR
Trying to navigate the maze through the following doors:
GRBYBYGRRG
Trying to navigate the maze through the following doors:
RYRGRYRYBY
Trying to navigate the maze through the following doors:
BYRY
Trying to navigate the maze through the following doors:
YBRGRBY
Trying to navigate the maze through the following doors:
RRGGGGGGGYYGRBB
Trying to navigate the maze through the following doors:
BRYBBYBYBBGRGRYYBBYBGRYBGRGRGRGRYBGRGRGRGRYYYBBYGGRYBYBGYBRYBYBGYBYBYGRGBYRBYBRYBRGYBGYGBYBYBYRBRGYBBYBRGYYGRGBYRGBYBYRGRBRGBRGBYRGRGYYGRBBBYGRRGRGBYYBYRGRYBYBYBGRYBYBYBYBRBYYBBYYBYBBYYBBBYYBYBBGRGRGRGRGRYYYBYBBYYBBBGRYYYBBYYBGYBGRYBRBBGRGRYBYYBYGYBYBRYBGYBGRGYBYBYGBYBYBYBYRBBGRYRRBBGRGRYBGRGRYBGRGRGRGRGRYYBBYYBYBBYBYBGRGRYYBYBYBBGRYBYBYYBBGRGRGRGRYYBBGRYYYBYBGGRGRRYBBYGRYBYBGGBGRYBGRYBGRRGRGGRRGYRGRYBYBGRYBYBGBYYGBYBYBYBYRBYGRGBYBYBYRGRBYGRBRGYBBYBGRRGGRGRYRYBRGGBGRRGYRGBYBRGYBBYRGGRGRBYRGYYBRGBYYGRGRBRYBYBRGYBRGRBYGGBGBY
Trying to navigate the maze through the following doors:
GRGYBRGYRYBYYBBGRYBGRGGRBYBRGRGYRYYGRBBGGYBRRYBYYBBYYGRGRBBGBYBYRGGYYBGRYBBYBYYBGRGRBRBYRYYBBYBGBRGYRGBRGYGRBRGYRYYGRBBGRYBYYGBYRBBYBGRGBYRYYGRGBYBYBYRBBYBGRYBYYBBYBYBGBRGRGYGYBYBYBRRGBYRYYGRBYGBYRBBGGRGRRGGYGYBBBRG
Trying to navigate the maze through the following doors:
RGYYGRYRYRYGGRYGGGRGYGRGGBGBRGRGGRBGBYGGBYGBRYRGGGYYYGGRRYY
Trying to navigate the maze through the following doors:
GBGYBRYRGBGRYYGBBR
not a valid maze
Trying to navigate the maze through the following doors:
YGYGGBGYGRBRGGRBYGBYRRGRBBRRYBBRRY
not a valid maze
Trying to navigate the maze through the following doors:
BYGRBYBYRG
Trying to navigate the maze through the following doors:
RYRGRGRGRYBY
Trying to navigate the maze through the following doors:
RGBRRGBYR
Trying to navigate the maze through the following doors:
YGYGYBRBRGYGRBY
Trying to navigate the maze through the following doors:
GYYGRRGYYYYGGYYYYYYGRRRBB
]]></system-out>
  <system-err><![CDATA[]]></system-err>
</testsuite>
